<?xml version="1.0" encoding="utf-8"?><testsuites><testsuite name="pytest" errors="0" failures="0" skipped="0" tests="4" time="0.038" timestamp="2022-06-06T10:01:07.015352" hostname="405ff4fafb63"><testcase classname="tests.test_int_calculator" name="test_add" time="0.001" /><testcase classname="tests.test_int_calculator" name="test_subtract" time="0.001" /><testcase classname="tests.test_int_calculator" name="test_multiply" time="0.001" /><testcase classname="tests.test_int_calculator" name="test_devide" time="0.001" /></testsuite></testsuites>